30 error execute callback with error
31 error Error: Command failed: yarn install --mutex network:42424 --non-interactive
31 error (node:17284) [DEP0005] DeprecationWarning: Buffer() is deprecated due to security and usability issues. Please use the Buffer.alloc(), Buffer.allocUnsafe(), or Buffer.from() methods instead.
31 error warning "workspace-aggregator-638d7ae0-6e86-4f58-8660-c547cb30f084 > @staccx/loan-process@6.3.0" has incorrect peer dependency "@staccx/base@^4".
31 error warning "workspace-aggregator-638d7ae0-6e86-4f58-8660-c547cb30f084 > @staccx/loan-process@6.3.0" has incorrect peer dependency "@staccx/theme@^4".
31 error warning "workspace-aggregator-638d7ae0-6e86-4f58-8660-c547cb30f084 > @staccx/onboarding-pm@6.3.0" has incorrect peer dependency "@staccx/base@^4".
31 error warning "workspace-aggregator-638d7ae0-6e86-4f58-8660-c547cb30f084 > @staccx/onboarding-pm@6.3.0" has incorrect peer dependency "@staccx/theme@^4".
31 error warning "workspace-aggregator-638d7ae0-6e86-4f58-8660-c547cb30f084 > @staccx/aprila-theme@6.3.0" has incorrect peer dependency "@staccx/base@^4".
31 error warning "workspace-aggregator-638d7ae0-6e86-4f58-8660-c547cb30f084 > @staccx/aprila-theme@6.3.0" has incorrect peer dependency "@staccx/theme@^4".
31 error warning "workspace-aggregator-638d7ae0-6e86-4f58-8660-c547cb30f084 > @staccx/fundu-theme@6.3.0" has incorrect peer dependency "@staccx/base@^4".
31 error warning "workspace-aggregator-638d7ae0-6e86-4f58-8660-c547cb30f084 > @staccx/fundu-theme@6.3.0" has incorrect peer dependency "@staccx/theme@^4".
31 error warning "workspace-aggregator-638d7ae0-6e86-4f58-8660-c547cb30f084 > @staccx/nordea-theme@6.3.0" has incorrect peer dependency "@staccx/base@^4".
31 error warning "workspace-aggregator-638d7ae0-6e86-4f58-8660-c547cb30f084 > @staccx/nordea-theme@6.3.0" has incorrect peer dependency "@staccx/theme@^4".
31 error warning "workspace-aggregator-638d7ae0-6e86-4f58-8660-c547cb30f084 > @staccx/norefjell-theme@6.3.0" has incorrect peer dependency "@staccx/base@^4".
31 error warning "workspace-aggregator-638d7ae0-6e86-4f58-8660-c547cb30f084 > @staccx/norefjell-theme@6.3.0" has incorrect peer dependency "@staccx/theme@^4".
31 error warning "workspace-aggregator-638d7ae0-6e86-4f58-8660-c547cb30f084 > @staccx/stacc-theme@6.3.0" has incorrect peer dependency "@staccx/base@^4".
31 error warning "workspace-aggregator-638d7ae0-6e86-4f58-8660-c547cb30f084 > @staccx/stacc-theme@6.3.0" has incorrect peer dependency "@staccx/theme@^4".
31 error warning "workspace-aggregator-638d7ae0-6e86-4f58-8660-c547cb30f084 > @staccx/styrke-theme@6.3.0" has incorrect peer dependency "@staccx/base@^4".
31 error warning "workspace-aggregator-638d7ae0-6e86-4f58-8660-c547cb30f084 > @staccx/styrke-theme@6.3.0" has incorrect peer dependency "@staccx/theme@^4".
31 error warning "workspace-aggregator-638d7ae0-6e86-4f58-8660-c547cb30f084 > @staccx/volvo-theme@6.3.0" has incorrect peer dependency "@staccx/base@^4".
31 error warning "workspace-aggregator-638d7ae0-6e86-4f58-8660-c547cb30f084 > @staccx/volvo-theme@6.3.0" has incorrect peer dependency "@staccx/theme@^4".
31 error warning "workspace-aggregator-638d7ae0-6e86-4f58-8660-c547cb30f084 > @staccx/base@6.3.0" has incorrect peer dependency "@staccx/theme@^4".
31 error warning "workspace-aggregator-638d7ae0-6e86-4f58-8660-c547cb30f084 > @staccx/i18n@6.3.0" has incorrect peer dependency "@staccx/base@^4".
31 error warning "workspace-aggregator-638d7ae0-6e86-4f58-8660-c547cb30f084 > @staccx/i18n@6.3.0" has incorrect peer dependency "@staccx/theme@^4".
31 error warning "workspace-aggregator-638d7ae0-6e86-4f58-8660-c547cb30f084 > @staccx/dealerpad > react-transition-group@2.4.0" has unmet peer dependency "react@>=15.0.0".
31 error warning "workspace-aggregator-638d7ae0-6e86-4f58-8660-c547cb30f084 > @staccx/dealerpad > react-transition-group@2.4.0" has unmet peer dependency "react-dom@>=15.0.0".
31 error warning "workspace-aggregator-638d7ae0-6e86-4f58-8660-c547cb30f084 > @staccx/dealerpad > react-web-notification@0.3.2" has unmet peer dependency "react@^0.14.3 || ^15.0.1 || ^16.2.0".
31 error warning "workspace-aggregator-638d7ae0-6e86-4f58-8660-c547cb30f084 > @staccx/developer-portal > react-router-hash-link@1.2.0" has unmet peer dependency "react@>=15".
31 error warning "workspace-aggregator-638d7ae0-6e86-4f58-8660-c547cb30f084 > @staccx/developer-portal > react-router-hash-link@1.2.0" has unmet peer dependency "react-router-dom@^4.1.1".
31 error warning "workspace-aggregator-638d7ae0-6e86-4f58-8660-c547cb30f084 > @staccx/onboarding-pm > @staccx/base@4.12.0" has incorrect peer dependency "@staccx/theme@^3.8.0".
31 error warning "workspace-aggregator-638d7ae0-6e86-4f58-8660-c547cb30f084 > @staccx/onboarding-pm > @staccx/base@4.12.0" has unmet peer dependency "prop-types@^15.5.4".
31 error warning "workspace-aggregator-638d7ae0-6e86-4f58-8660-c547cb30f084 > @staccx/onboarding-pm > @staccx/base@4.12.0" has unmet peer dependency "react@^0.14.9 || ^15.0.0 || ^16.0.0".
31 error warning "workspace-aggregator-638d7ae0-6e86-4f58-8660-c547cb30f084 > @staccx/onboarding-pm > @staccx/base@4.12.0" has unmet peer dependency "react-dom@^0.14.9 || ^15.0.0 || ^16.0.0".
31 error warning "workspace-aggregator-638d7ae0-6e86-4f58-8660-c547cb30f084 > @staccx/onboarding-pm > @staccx/base@4.12.0" has unmet peer dependency "styled-components@^3.2.6".
31 error warning "workspace-aggregator-638d7ae0-6e86-4f58-8660-c547cb30f084 > @staccx/onboarding-pm > @staccx/theme@4.12.0" has unmet peer dependency "prop-types@^15.6.1".
31 error warning "workspace-aggregator-638d7ae0-6e86-4f58-8660-c547cb30f084 > @staccx/onboarding-pm > @staccx/theme@4.12.0" has unmet peer dependency "styled-components@^3.2.6".
31 error warning "workspace-aggregator-638d7ae0-6e86-4f58-8660-c547cb30f084 > @staccx/base > babel-plugin-prismjs@1.0.2" has unmet peer dependency "prismjs@^1.0.0".
31 error warning "workspace-aggregator-638d7ae0-6e86-4f58-8660-c547cb30f084 > @staccx/rollup-config > rollup-plugin-babel@3.0.7" has unmet peer dependency "babel-core@6".
31 error warning "workspace-aggregator-638d7ae0-6e86-4f58-8660-c547cb30f084 > @staccx/soy > react-google-maps@9.4.5" has unmet peer dependency "@types/googlemaps@^3.0.0".
31 error warning "workspace-aggregator-638d7ae0-6e86-4f58-8660-c547cb30f084 > @staccx/soy > react-google-maps@9.4.5" has unmet peer dependency "@types/markerclustererplus@^2.1.29".
31 error warning "workspace-aggregator-638d7ae0-6e86-4f58-8660-c547cb30f084 > @staccx/soy > react-google-maps@9.4.5" has unmet peer dependency "@types/react@^15.0.0 || ^16.0.0".
31 error warning "workspace-aggregator-638d7ae0-6e86-4f58-8660-c547cb30f084 > @staccx/onboarding-pm > @staccx/base > @staccx/animations@4.20.1" has unmet peer dependency "react@^0.14.9 || ^15.0.0 || ^16.0.0".
31 error warning "workspace-aggregator-638d7ae0-6e86-4f58-8660-c547cb30f084 > @staccx/onboarding-pm > @staccx/base > @staccx/animations@4.20.1" has unmet peer dependency "react-dom@^0.14.9 || ^15.0.0 || ^16.0.0".
31 error warning "workspace-aggregator-638d7ae0-6e86-4f58-8660-c547cb30f084 > @staccx/onboarding-pm > @staccx/base > @staccx/animations@4.20.1" has unmet peer dependency "styled-components@^3.2.6".
31 error warning "workspace-aggregator-638d7ae0-6e86-4f58-8660-c547cb30f084 > @staccx/onboarding-pm > @staccx/base > @staccx/utils@4.23.0" has incorrect peer dependency "@staccx/base@4.0.1".
31 error warning "workspace-aggregator-638d7ae0-6e86-4f58-8660-c547cb30f084 > @staccx/onboarding-pm > @staccx/base > @staccx/utils@4.23.0" has incorrect peer dependency "@staccx/theme@4.0.1".
31 error warning "workspace-aggregator-638d7ae0-6e86-4f58-8660-c547cb30f084 > @staccx/onboarding-pm > @staccx/base > @staccx/utils@4.23.0" has unmet peer dependency "react@^0.14.9 || ^15.0.0 || ^16.0.0".
31 error warning "workspace-aggregator-638d7ae0-6e86-4f58-8660-c547cb30f084 > @staccx/onboarding-pm > @staccx/base > @staccx/utils@4.23.0" has unmet peer dependency "react-dom@^0.14.9 || ^15.0.0 || ^16.0.0".
31 error warning "workspace-aggregator-638d7ae0-6e86-4f58-8660-c547cb30f084 > @staccx/onboarding-pm > @staccx/base > @staccx/utils@4.23.0" has unmet peer dependency "styled-components@^3.2.6".
31 error warning "workspace-aggregator-638d7ae0-6e86-4f58-8660-c547cb30f084 > @staccx/soy > @tedconf/react-show-more > eslint-plugin-flowtype@2.43.0" has unmet peer dependency "eslint@>=2.0.0".
31 error error An unexpected error occurred: "could not find a copy of eslint to link in /Users/torgeir/projects/bento/node_modules/@staccx/savings-advisor/node_modules/@staccx/eslint-config/node_modules".
31 error yarn install v1.9.4
31 error [1/4] Resolving packages...
31 error [2/4] Fetching packages...
31 error [3/4] Linking dependencies...
31 error info If you think this is a bug, please open a bug report with the information provided in "/Users/torgeir/projects/bento/yarn-error.log".
31 error info Visit https://yarnpkg.com/en/docs/cli/install for documentation about this command.
31 error
31 error     at Promise.all.then.arr (/Users/torgeir/.config/yarn/global/node_modules/lerna/node_modules/execa/index.js:236:11)
